<?xml version="1.0" encoding="UTF-8"?>
<!-- Generated by org.testng.reporters.JUnitXMLReporter -->
<testsuite ignored="0" hostname="LAPTOP-7RRGM5G1" failures="0" tests="6" name="Default test" time="14.847" errors="0" timestamp="2023-03-08T16:21:35 IST">
  <testcase classname="testScenarios.TS01_Test_Scenarios" name="TC001_getverifyURL" time="5.723"/>
  <testcase classname="testScenarios.TS01_Test_Scenarios" name="TC002_get_plaintiff_defendant_information" time="3.75"/>
  <testcase classname="testScenarios.TS01_Test_Scenarios" name="TC003_fetchPlaintiffData" time="0.065"/>
  <testcase classname="testScenarios.TS01_Test_Scenarios" name="TC004_fetchDefendentData" time="0.251"/>
  <testcase classname="testScenarios.TS01_Test_Scenarios" name="TC005_storeDataExcel" time="0.748"/>
  <testcase classname="testScenarios.TS01_Test_Scenarios" name="TC006_navigateBackMainMenu" time="2.039"/>
</testsuite> <!-- Default test -->
