<?xml version="1.0" encoding="UTF-8"?>
<!-- Generated by org.testng.reporters.JUnitXMLReporter -->
<testsuite ignored="0" hostname="LAPTOP-7RRGM5G1" failures="0" tests="6" name="Test" time="17.894" errors="0" timestamp="2023-03-08T16:35:57 IST">
  <testcase classname="testScenarios.TS01_Test_Scenarios" name="TC001_getverifyURL" time="6.974"/>
  <testcase classname="testScenarios.TS01_Test_Scenarios" name="TC002_get_plaintiff_defendant_information" time="4.115"/>
  <testcase classname="testScenarios.TS01_Test_Scenarios" name="TC003_fetchPlaintiffData" time="0.079"/>
  <testcase classname="testScenarios.TS01_Test_Scenarios" name="TC004_fetchDefendentData" time="0.264"/>
  <testcase classname="testScenarios.TS01_Test_Scenarios" name="TC005_storeDataExcel" time="0.764"/>
  <testcase classname="testScenarios.TS01_Test_Scenarios" name="TC006_navigateBackMainMenu" time="3.232"/>
</testsuite> <!-- Test -->
