<?xml version="1.0" encoding="UTF-8"?>
<testng-results ignored="0" total="6" passed="6" failed="0" skipped="0">
  <reporter-output>
  </reporter-output>
  <suite started-at="2023-03-08T16:35:39 IST" name="Suite" finished-at="2023-03-08T16:35:57 IST" duration-ms="17894">
    <groups>
    </groups>
    <test started-at="2023-03-08T16:35:39 IST" name="Test" finished-at="2023-03-08T16:35:57 IST" duration-ms="17894">
      <class name="testScenarios.TS01_Test_Scenarios">
        <test-method is-config="true" signature="callBrowser()[pri:0, instance:testScenarios.TS01_Test_Scenarios@932bc4a]" started-at="2023-03-08T16:35:39 IST" name="callBrowser" finished-at="2023-03-08T16:35:42 IST" duration-ms="2206" status="PASS">
          <reporter-output>
          </reporter-output>
        </test-method> <!-- callBrowser -->
        <test-method is-config="true" signature="callClass()[pri:0, instance:testScenarios.TS01_Test_Scenarios@932bc4a]" started-at="2023-03-08T16:35:42 IST" name="callClass" finished-at="2023-03-08T16:35:42 IST" duration-ms="15" status="PASS">
          <reporter-output>
          </reporter-output>
        </test-method> <!-- callClass -->
        <test-method signature="TC001_getverifyURL()[pri:1, instance:testScenarios.TS01_Test_Scenarios@932bc4a]" started-at="2023-03-08T16:35:42 IST" name="TC001_getverifyURL" finished-at="2023-03-08T16:35:49 IST" duration-ms="6974" status="PASS">
          <reporter-output>
          </reporter-output>
        </test-method> <!-- TC001_getverifyURL -->
        <test-method is-config="true" signature="callClass()[pri:0, instance:testScenarios.TS01_Test_Scenarios@932bc4a]" started-at="2023-03-08T16:35:49 IST" name="callClass" finished-at="2023-03-08T16:35:49 IST" duration-ms="2" status="PASS">
          <reporter-output>
          </reporter-output>
        </test-method> <!-- callClass -->
        <test-method signature="TC002_get_plaintiff_defendant_information()[pri:2, instance:testScenarios.TS01_Test_Scenarios@932bc4a]" started-at="2023-03-08T16:35:49 IST" name="TC002_get_plaintiff_defendant_information" finished-at="2023-03-08T16:35:53 IST" duration-ms="4115" status="PASS">
          <reporter-output>
          </reporter-output>
        </test-method> <!-- TC002_get_plaintiff_defendant_information -->
        <test-method is-config="true" signature="callClass()[pri:0, instance:testScenarios.TS01_Test_Scenarios@932bc4a]" started-at="2023-03-08T16:35:53 IST" name="callClass" finished-at="2023-03-08T16:35:53 IST" duration-ms="0" status="PASS">
          <reporter-output>
          </reporter-output>
        </test-method> <!-- callClass -->
        <test-method signature="TC003_fetchPlaintiffData()[pri:3, instance:testScenarios.TS01_Test_Scenarios@932bc4a]" started-at="2023-03-08T16:35:53 IST" name="TC003_fetchPlaintiffData" finished-at="2023-03-08T16:35:53 IST" duration-ms="79" status="PASS">
          <reporter-output>
          </reporter-output>
        </test-method> <!-- TC003_fetchPlaintiffData -->
        <test-method is-config="true" signature="callClass()[pri:0, instance:testScenarios.TS01_Test_Scenarios@932bc4a]" started-at="2023-03-08T16:35:53 IST" name="callClass" finished-at="2023-03-08T16:35:53 IST" duration-ms="1" status="PASS">
          <reporter-output>
          </reporter-output>
        </test-method> <!-- callClass -->
        <test-method signature="TC004_fetchDefendentData()[pri:4, instance:testScenarios.TS01_Test_Scenarios@932bc4a]" started-at="2023-03-08T16:35:53 IST" name="TC004_fetchDefendentData" finished-at="2023-03-08T16:35:53 IST" duration-ms="264" status="PASS">
          <reporter-output>
          </reporter-output>
        </test-method> <!-- TC004_fetchDefendentData -->
        <test-method is-config="true" signature="callClass()[pri:0, instance:testScenarios.TS01_Test_Scenarios@932bc4a]" started-at="2023-03-08T16:35:53 IST" name="callClass" finished-at="2023-03-08T16:35:53 IST" duration-ms="1" status="PASS">
          <reporter-output>
          </reporter-output>
        </test-method> <!-- callClass -->
        <test-method signature="TC005_storeDataExcel()[pri:5, instance:testScenarios.TS01_Test_Scenarios@932bc4a]" started-at="2023-03-08T16:35:53 IST" name="TC005_storeDataExcel" finished-at="2023-03-08T16:35:54 IST" duration-ms="764" status="PASS">
          <reporter-output>
          </reporter-output>
        </test-method> <!-- TC005_storeDataExcel -->
        <test-method is-config="true" signature="callClass()[pri:0, instance:testScenarios.TS01_Test_Scenarios@932bc4a]" started-at="2023-03-08T16:35:54 IST" name="callClass" finished-at="2023-03-08T16:35:54 IST" duration-ms="1" status="PASS">
          <reporter-output>
          </reporter-output>
        </test-method> <!-- callClass -->
        <test-method signature="TC006_navigateBackMainMenu()[pri:6, instance:testScenarios.TS01_Test_Scenarios@932bc4a]" started-at="2023-03-08T16:35:54 IST" name="TC006_navigateBackMainMenu" finished-at="2023-03-08T16:35:57 IST" duration-ms="3232" status="PASS">
          <reporter-output>
          </reporter-output>
        </test-method> <!-- TC006_navigateBackMainMenu -->
        <test-method is-config="true" signature="tearDown()[pri:0, instance:testScenarios.TS01_Test_Scenarios@932bc4a]" started-at="2023-03-08T16:35:57 IST" name="tearDown" finished-at="2023-03-08T16:35:57 IST" duration-ms="201" status="PASS">
          <reporter-output>
          </reporter-output>
        </test-method> <!-- tearDown -->
      </class> <!-- testScenarios.TS01_Test_Scenarios -->
    </test> <!-- Test -->
  </suite> <!-- Suite -->
</testng-results>
